#-----------------------------------------------------------
# xsim v2023.2.2 (64-bit)
# SW Build 4126759 on Thu Feb  8 23:52:05 MST 2024
# IP Build 4126054 on Fri Feb  9 11:39:09 MST 2024
# SharedData Build 4115275 on Tue Jan 30 00:40:57 MST 2024
# Start of session at: Wed Oct 23 14:46:58 2024
# Process ID: 39268
# Current directory: /home/bcheng/workspace/dev/place-and-route/hdl/verilog/shift_reg/sim
# Command line: xsim -mode tcl -source {xsim.dir/my_tb_snap/xsim_script.tcl}
# Log file: /home/bcheng/workspace/dev/place-and-route/hdl/verilog/shift_reg/sim/xsim.log
# Journal file: /home/bcheng/workspace/dev/place-and-route/hdl/verilog/shift_reg/sim/xsim.jou
# Running On: bcheng-HP, OS: Linux, CPU Frequency: 4131.350 MHz, CPU Physical cores: 4, Host memory: 16397 MB
#-----------------------------------------------------------
source xsim.dir/my_tb_snap/xsim_script.tcl
# xsim {my_tb_snap} -autoloadwcfg -tclbatch {xsim_cfg.tcl}
Time resolution is 1 ps
source xsim_cfg.tcl
couldn't read file "xsim_cfg.tcl": no such file or directory
exit
INFO: [Common 17-206] Exiting xsim at Wed Oct 23 14:47:33 2024...
