#-----------------------------------------------------------
# xsim v2023.2.2 (64-bit)
# SW Build 4126759 on Thu Feb  8 23:52:05 MST 2024
# IP Build 4126054 on Fri Feb  9 11:39:09 MST 2024
# SharedData Build 4115275 on Tue Jan 30 00:40:57 MST 2024
# Start of session at: Tue Oct 15 21:17:39 2024
# Process ID: 13549
# Current directory: /home/bcheng/workspace/dev/place-and-route/outputs/simulation
# Command line: xsim -mode tcl -source {xsim.dir/tb_counter_time_impl/xsim_script.tcl}
# Log file: /home/bcheng/workspace/dev/place-and-route/outputs/simulation/xsim.log
# Journal file: /home/bcheng/workspace/dev/place-and-route/outputs/simulation/xsim.jou
# Running On: bcheng-HP, OS: Linux, CPU Frequency: 400.000 MHz, CPU Physical cores: 4, Host memory: 16397 MB
#-----------------------------------------------------------
source xsim.dir/tb_counter_time_impl/xsim_script.tcl
# xsim {tb_counter_time_impl} -autoloadwcfg -tclbatch {tb_counter.tcl}
Time resolution is 1 ps
source tb_counter.tcl
## log_wave -recursive *
## run all
$finish called at time : 300025 ns : File "/home/bcheng/workspace/dev/place-and-route/hdl/vhdl/counter/counter.srcs/sim_1/new/tb_postroute.sv" Line 31
## exit
INFO: [Common 17-206] Exiting xsim at Tue Oct 15 21:17:42 2024...
