#-----------------------------------------------------------
# xsim v2023.2.2 (64-bit)
# SW Build 4126759 on Thu Feb  8 23:52:05 MST 2024
# IP Build 4126054 on Fri Feb  9 11:39:09 MST 2024
# SharedData Build 4115275 on Tue Jan 30 00:40:57 MST 2024
# Start of session at: Thu Oct 24 16:15:14 2024
# Process ID: 8561
# Current directory: /home/bcheng/workspace/dev/place-and-route/hdl/verilog/shift_reg/sim_functional
# Command line: xsim -mode tcl -source {xsim.dir/my_tb_snap/xsim_script.tcl}
# Log file: /home/bcheng/workspace/dev/place-and-route/hdl/verilog/shift_reg/sim_functional/xsim.log
# Journal file: /home/bcheng/workspace/dev/place-and-route/hdl/verilog/shift_reg/sim_functional/xsim.jou
# Running On: bcheng-HP, OS: Linux, CPU Frequency: 3744.422 MHz, CPU Physical cores: 4, Host memory: 16397 MB
#-----------------------------------------------------------
source xsim.dir/my_tb_snap/xsim_script.tcl
# xsim {my_tb_snap} -autoloadwcfg -tclbatch {xsim_cfg.tcl}
Time resolution is 1 ps
source xsim_cfg.tcl
## log_wave -recursive *
## run all
$finish called at time : 90 ns : File "/home/bcheng/workspace/dev/place-and-route/hdl/verilog/shift_reg/verif/tb_shift_reg.sv" Line 38
## exit
INFO: [Common 17-206] Exiting xsim at Thu Oct 24 16:15:17 2024...
