Aug 20, 2024 12:34:12 PM src.Main main
INFO: Begin placement...

Aug 20, 2024 3:33:23 PM src.Main main
INFO: Begin RapidWrightBlockPlacer...
Aug 21, 2024 1:10:58 PM src.Main main
INFO: Begin RapidWrightBlockPlacer...
Aug 22, 2024 2:32:43 PM src.Main main
INFO: Begin RapidWrightBlockPlacer...
Aug 22, 2024 2:34:27 PM src.Main main
INFO: Begin RapidWrightBlockPlacer...
Aug 22, 2024 2:35:00 PM src.Main main
INFO: Begin RapidWrightBlockPlacer...
Aug 22, 2024 2:35:25 PM src.Main main
INFO: Begin RapidWrightBlockPlacer...
Aug 22, 2024 2:35:37 PM src.Main main
INFO: Begin RapidWrightBlockPlacer...
Aug 22, 2024 2:35:41 PM src.Main main
INFO: Begin RapidWrightBlockPlacer...
Aug 22, 2024 2:53:30 PM src.Main main
INFO: Begin RapidWrightBlockPlacer...
Aug 22, 2024 2:54:44 PM src.Main main
INFO: Begin RapidWrightBlockPlacer...
Aug 22, 2024 2:56:39 PM src.Main main
INFO: Begin RapidWrightBlockPlacer...
Aug 22, 2024 2:56:43 PM src.Main main
INFO: Begin RapidWrightBlockPlacer...
Aug 22, 2024 2:58:40 PM src.Main main
INFO: Begin RapidWrightBlockPlacer...
Aug 22, 2024 2:58:43 PM src.Main main
INFO: Begin RapidWrightBlockPlacer...
Aug 22, 2024 3:00:09 PM src.Main main
INFO: Begin RapidWrightBlockPlacer...
Aug 22, 2024 3:16:04 PM src.Main main
INFO: Begin RapidWrightBlockPlacer...
Aug 22, 2024 3:19:37 PM src.Main main
INFO: Begin RapidWrightBlockPlacer...
Aug 22, 2024 3:21:36 PM src.Main main
INFO: Begin RapidWrightBlockPlacer...
Aug 22, 2024 4:00:21 PM src.Main main
INFO: Begin RapidWrightBlockPlacer...
Aug 23, 2024 2:44:46 PM src.Main main
INFO: Begin RapidWrightBlockPlacer...
Aug 23, 2024 2:49:18 PM src.Main main
INFO: Begin RapidWrightBlockPlacer...
Aug 23, 2024 2:50:01 PM src.Main main
INFO: Begin RapidWrightBlockPlacer...
Aug 23, 2024 3:12:37 PM src.Main main
INFO: Begin RapidWrightBlockPlacer...
Aug 23, 2024 3:15:10 PM src.Main main
INFO: Begin RapidWrightBlockPlacer...
Aug 23, 2024 3:18:05 PM src.Main main
INFO: Begin RapidWrightBlockPlacer...
Aug 23, 2024 3:18:33 PM src.Main main
INFO: Begin RapidWrightBlockPlacer...
Aug 23, 2024 3:50:11 PM src.Main main
INFO: Begin RapidWrightBlockPlacer...
Aug 23, 2024 3:53:08 PM src.Main main
INFO: Begin RapidWrightBlockPlacer...
Aug 23, 2024 3:53:36 PM src.Main main
INFO: Begin RapidWrightBlockPlacer...
Aug 23, 2024 3:53:39 PM src.Main main
INFO: Begin RapidWrightBlockPlacer...
Aug 23, 2024 3:57:03 PM src.Main main
INFO: Begin RapidWrightBlockPlacer...
Aug 23, 2024 3:57:29 PM src.Main main
INFO: Begin RapidWrightBlockPlacer...
Aug 23, 2024 4:06:50 PM src.Main main
INFO: Begin RapidWrightBlockPlacer...
Aug 23, 2024 4:08:06 PM src.Main main
INFO: Begin RapidWrightBlockPlacer...
Aug 23, 2024 4:08:22 PM src.Main main
INFO: Begin RapidWrightBlockPlacer...
Aug 23, 2024 4:46:07 PM src.Main main
INFO: Begin RapidWrightBlockPlacer...
Aug 23, 2024 4:46:34 PM src.Main main
INFO: Begin RapidWrightBlockPlacer...
Aug 23, 2024 4:47:13 PM src.Main main
INFO: Begin RapidWrightBlockPlacer...
Aug 24, 2024 3:57:56 PM src.Main main
INFO: Begin RapidWrightBlockPlacer...
Aug 24, 2024 4:00:07 PM src.Main main
INFO: Begin RapidWrightBlockPlacer...
Aug 24, 2024 4:02:39 PM src.Main main
INFO: Begin RapidWrightBlockPlacer...
Aug 24, 2024 4:04:08 PM src.Main main
INFO: Begin RapidWrightBlockPlacer...
Aug 24, 2024 4:09:46 PM src.Main main
INFO: Begin RapidWrightBlockPlacer...
Aug 24, 2024 4:10:12 PM src.Main main
INFO: Begin RapidWrightBlockPlacer...
Aug 24, 2024 4:10:15 PM src.Main main
INFO: Begin RapidWrightBlockPlacer...
Aug 24, 2024 4:12:15 PM src.Main main
INFO: Begin RapidWrightBlockPlacer...
Aug 24, 2024 4:26:33 PM src.Main main
INFO: Begin RapidWrightBlockPlacer...
Aug 26, 2024 3:51:36 PM src.Main main
INFO: Begin RapidWrightBlockPlacer...
Aug 26, 2024 3:52:15 PM src.Main main
INFO: Begin RapidWrightBlockPlacer...
Aug 27, 2024 11:29:30 AM src.Main main
INFO: Begin RapidWrightBlockPlacer...
Aug 27, 2024 11:56:32 AM src.Main main
INFO: Begin SimulatedAnnealingPlacer...
Aug 27, 2024 11:58:10 AM src.Main main
INFO: Begin SimulatedAnnealingPlacer...
Aug 27, 2024 12:02:13 PM src.Main main
INFO: Begin SimulatedAnnealingPlacer...
Aug 27, 2024 12:02:19 PM src.Main main
INFO: Begin SimulatedAnnealingPlacer...
Aug 27, 2024 12:04:07 PM src.Main main
INFO: Begin SimulatedAnnealingPlacer...
Aug 27, 2024 12:05:13 PM src.Main main
INFO: Begin SimulatedAnnealingPlacer...
Aug 27, 2024 12:05:14 PM src.Main main
INFO: Data writing complete. Check 'output.txt'
Aug 27, 2024 12:06:43 PM src.Main main
INFO: Begin SimulatedAnnealingPlacer...
Aug 27, 2024 12:06:43 PM src.Main main
INFO: Data writing complete. Check 'output.txt'
Aug 27, 2024 12:07:01 PM src.Main main
INFO: Begin SimulatedAnnealingPlacer...
Aug 27, 2024 12:07:02 PM src.Main main
INFO: Data writing complete. Check 'output.txt'
Aug 27, 2024 12:11:13 PM src.Main main
INFO: Begin SimulatedAnnealingPlacer...
Aug 27, 2024 12:11:13 PM src.Main main
INFO: Data writing complete. Check 'output.txt'
Aug 27, 2024 12:11:29 PM src.Main main
INFO: Begin SimulatedAnnealingPlacer...
Aug 27, 2024 12:11:29 PM src.Main main
INFO: Data writing complete. Check 'output.txt'
Aug 27, 2024 12:11:43 PM src.Main main
INFO: Begin SimulatedAnnealingPlacer...
Aug 27, 2024 12:11:43 PM src.Main main
INFO: Data writing complete. Check 'output.txt'
Aug 27, 2024 12:19:09 PM src.Main main
INFO: Begin SimulatedAnnealingPlacer...
Aug 27, 2024 12:19:10 PM src.Main main
INFO: Data writing complete. Check 'output.txt'
Aug 27, 2024 12:19:52 PM src.Main main
INFO: Begin SimulatedAnnealingPlacer...
Aug 27, 2024 12:19:53 PM src.Main main
INFO: Data writing complete. Check 'output.txt'
Aug 27, 2024 12:21:29 PM src.Main main
INFO: Begin SimulatedAnnealingPlacer...
Aug 27, 2024 12:21:30 PM src.Main main
INFO: Data writing complete. Check 'output.txt'
Aug 27, 2024 12:21:57 PM src.Main main
INFO: Begin SimulatedAnnealingPlacer...
Aug 27, 2024 12:21:58 PM src.Main main
INFO: Data writing complete. Check 'output.txt'
Aug 28, 2024 1:00:11 PM src.Main main
INFO: Begin SimulatedAnnealingPlacer...
Aug 28, 2024 1:00:12 PM src.Main main
INFO: Data writing complete. Check 'output.txt'
Aug 28, 2024 1:00:31 PM src.Main main
INFO: Begin SimulatedAnnealingPlacer...
Aug 28, 2024 1:00:32 PM src.Main main
INFO: Data writing complete. Check 'output.txt'
Aug 28, 2024 1:55:08 PM src.Main main
INFO: Begin SimulatedAnnealingPlacer...
Aug 28, 2024 1:55:09 PM src.Main main
INFO: Data writing complete. Check 'output.txt'
Aug 28, 2024 2:03:00 PM src.Main main
INFO: Begin SimulatedAnnealingPlacer...
Aug 28, 2024 2:03:01 PM src.Main main
INFO: Data writing complete. Check 'output.txt'
Aug 28, 2024 3:21:25 PM src.Main main
INFO: Begin SimulatedAnnealingPlacer...
Aug 28, 2024 3:21:26 PM src.Main main
INFO: Data writing complete. Check 'output.txt'
Aug 28, 2024 3:22:52 PM src.Main main
INFO: Begin SimulatedAnnealingPlacer...
Aug 28, 2024 3:22:53 PM src.Main main
INFO: Data writing complete. Check 'output.txt'
Aug 28, 2024 3:23:28 PM src.Main main
INFO: Begin SimulatedAnnealingPlacer...
Aug 28, 2024 3:23:28 PM src.Main main
INFO: Data writing complete. Check 'output.txt'
Aug 28, 2024 3:23:31 PM src.Main main
INFO: Begin SimulatedAnnealingPlacer...
Aug 28, 2024 3:23:32 PM src.Main main
INFO: Data writing complete. Check 'output.txt'
Aug 28, 2024 3:24:06 PM src.Main main
INFO: Begin SimulatedAnnealingPlacer...
Aug 28, 2024 3:24:07 PM src.Main main
INFO: Data writing complete. Check 'output.txt'
Aug 28, 2024 3:29:40 PM src.Main main
INFO: Begin SimulatedAnnealingPlacer...
Aug 28, 2024 3:29:41 PM src.Main main
INFO: Data writing complete. Check 'output.txt'
Aug 28, 2024 3:34:06 PM src.Main main
INFO: Begin SimulatedAnnealingPlacer...
Aug 28, 2024 3:34:07 PM src.Main main
INFO: Data writing complete. Check 'output.txt'
Aug 28, 2024 3:34:38 PM src.Main main
INFO: Begin SimulatedAnnealingPlacer...
Aug 28, 2024 3:34:39 PM src.Main main
INFO: Data writing complete. Check 'output.txt'
Aug 28, 2024 3:38:53 PM src.Main main
INFO: Begin SimulatedAnnealingPlacer...
Aug 28, 2024 3:38:53 PM src.Main main
INFO: Data writing complete. Check 'output.txt'
Aug 28, 2024 3:41:28 PM src.Main main
INFO: Begin SimulatedAnnealingPlacer...
Aug 28, 2024 3:41:29 PM src.Main main
INFO: Data writing complete. Check 'output.txt'
Aug 28, 2024 3:42:43 PM src.Main main
INFO: Begin SimulatedAnnealingPlacer...
Aug 28, 2024 3:42:44 PM src.Main main
INFO: Data writing complete. Check 'output.txt'
Aug 28, 2024 3:46:59 PM src.Main main
INFO: Begin SimulatedAnnealingPlacer...
Aug 28, 2024 3:47:00 PM src.Main main
INFO: Data writing complete. Check 'output.txt'
Sep 06, 2024 7:15:38 PM Main main
INFO: Begin SimulatedAnnealingPlacer...
Sep 06, 2024 7:15:39 PM Main main
INFO: Data writing complete. Check 'output.txt'
Sep 17, 2024 3:15:14 PM Main main
INFO: Begin SimulatedAnnealingPlacer...
Sep 17, 2024 3:15:15 PM Main main
INFO: Data writing complete. Check 'output.txt'
Sep 17, 2024 3:31:08 PM Main main
INFO: Begin SimulatedAnnealingPlacer...
Sep 17, 2024 3:31:09 PM Main main
INFO: Data writing complete. Check 'output.txt'
Sep 17, 2024 8:29:33 PM Main main
INFO: Begin SimulatedAnnealingPlacer...
Sep 17, 2024 8:29:34 PM Main main
INFO: Data writing complete. Check 'output.txt'
Sep 17, 2024 8:33:38 PM Main main
INFO: Begin SimulatedAnnealingPlacer...
Sep 17, 2024 8:33:39 PM Main main
INFO: Data writing complete. Check 'output.txt'
Sep 18, 2024 3:38:06 PM placer.Main main
INFO: Begin SimulatedAnnealingPlacer...
Sep 18, 2024 3:38:07 PM placer.Main main
INFO: Data writing complete. Check 'output.txt'
Sep 18, 2024 3:46:36 PM placer.Main main
INFO: Begin SimulatedAnnealingPlacer...
Sep 18, 2024 3:46:36 PM placer.Main main
INFO: Data writing complete. Check 'output.txt'
Sep 18, 2024 4:08:34 PM placer.Main main
INFO: Begin SimulatedAnnealingPlacer...
Sep 18, 2024 4:08:35 PM placer.Main main
INFO: Data writing complete. Check 'output.txt'
Sep 18, 2024 4:31:35 PM placer.Main main
INFO: Begin SimulatedAnnealingPlacer...
Sep 18, 2024 4:31:36 PM placer.Main main
INFO: Data writing complete. Check 'output.txt'
Sep 18, 2024 5:05:42 PM placer.Main main
INFO: Begin SimulatedAnnealingPlacer...
Sep 18, 2024 5:05:42 PM placer.Main main
INFO: Data writing complete. Check 'output.txt'
Sep 18, 2024 5:08:21 PM placer.Main main
INFO: Begin SimulatedAnnealingPlacer...
Sep 18, 2024 5:08:22 PM placer.Main main
INFO: Data writing complete. Check 'output.txt'
Sep 19, 2024 9:55:06 AM placer.Main main
INFO: Begin SimulatedAnnealingPlacer...
Sep 19, 2024 9:55:07 AM placer.Main main
INFO: Data writing complete. Check 'output.txt'
Sep 19, 2024 9:55:18 AM placer.Main main
INFO: Begin SimulatedAnnealingPlacer...
Sep 19, 2024 9:55:18 AM placer.Main main
INFO: Data writing complete. Check 'output.txt'
Sep 19, 2024 1:19:20 PM placer.Main main
INFO: Begin SimulatedAnnealingPlacer...
Sep 19, 2024 1:19:21 PM placer.Main main
INFO: Data writing complete. Check 'output.txt'
Sep 19, 2024 2:45:58 PM placer.Main main
INFO: Begin SimulatedAnnealingPlacer...
Sep 19, 2024 2:45:59 PM placer.Main main
INFO: Data writing complete. Check 'output.txt'
Sep 19, 2024 2:56:48 PM placer.Main main
INFO: Begin SimulatedAnnealingPlacer...
Sep 19, 2024 2:56:49 PM placer.Main main
INFO: Data writing complete. Check 'output.txt'
Sep 19, 2024 3:00:31 PM placer.Main main
INFO: Begin SimulatedAnnealingPlacer...
Sep 19, 2024 3:00:32 PM placer.Main main
INFO: Data writing complete. Check 'output.txt'
Sep 19, 2024 3:01:14 PM placer.Main main
INFO: Begin SimulatedAnnealingPlacer...
Sep 19, 2024 3:01:14 PM placer.Main main
INFO: Data writing complete. Check 'output.txt'
Sep 19, 2024 3:01:53 PM placer.Main main
INFO: Begin SimulatedAnnealingPlacer...
Sep 19, 2024 3:01:54 PM placer.Main main
INFO: Data writing complete. Check 'output.txt'
Sep 20, 2024 11:24:01 AM placer.Main main
INFO: Begin SimulatedAnnealingPlacer...
Sep 20, 2024 11:24:01 AM placer.Main main
INFO: Data writing complete. Check 'output.txt'
Sep 20, 2024 12:24:16 PM placer.Main main
INFO: Begin SimulatedAnnealingPlacer...
Sep 20, 2024 12:24:17 PM placer.Main main
INFO: Data writing complete. Check 'output.txt'
Sep 20, 2024 12:25:10 PM placer.Main main
INFO: Begin SimulatedAnnealingPlacer...
Sep 20, 2024 12:25:11 PM placer.Main main
INFO: Data writing complete. Check 'output.txt'
Sep 20, 2024 12:45:11 PM placer.Main main
INFO: Begin SimulatedAnnealingPlacer...
Sep 20, 2024 12:45:12 PM placer.Main main
INFO: Data writing complete. Check 'output.txt'
Sep 20, 2024 12:50:57 PM placer.Main main
INFO: Begin SimulatedAnnealingPlacer...
Sep 20, 2024 12:50:58 PM placer.Main main
INFO: Data writing complete. Check 'output.txt'
Sep 20, 2024 12:57:31 PM placer.Main main
INFO: Begin SimulatedAnnealingPlacer...
Sep 20, 2024 12:57:32 PM placer.Main main
INFO: Data writing complete. Check 'output.txt'
Sep 20, 2024 12:59:15 PM placer.Main main
INFO: Begin SimulatedAnnealingPlacer...
Sep 20, 2024 12:59:16 PM placer.Main main
INFO: Data writing complete. Check 'output.txt'
Sep 20, 2024 1:07:22 PM placer.Main main
INFO: Begin SimulatedAnnealingPlacer...
Sep 20, 2024 1:07:22 PM placer.Main main
INFO: Data writing complete. Check 'output.txt'
Sep 20, 2024 1:15:40 PM placer.Main main
INFO: Begin SimulatedAnnealingPlacer...
Sep 20, 2024 1:15:40 PM placer.Main main
INFO: Data writing complete. Check 'output.txt'
Sep 20, 2024 1:18:56 PM placer.Main main
INFO: Begin SimulatedAnnealingPlacer...
Sep 20, 2024 1:18:57 PM placer.Main main
INFO: Data writing complete. Check 'output.txt'
Sep 20, 2024 1:37:35 PM placer.Main main
INFO: Begin SimulatedAnnealingPlacer...
Sep 20, 2024 1:37:36 PM placer.Main main
INFO: Data writing complete. Check 'output.txt'
Sep 20, 2024 1:45:31 PM placer.Main main
INFO: Begin SimulatedAnnealingPlacer...
Sep 20, 2024 1:45:32 PM placer.Main main
INFO: Data writing complete. Check 'output.txt'
Sep 20, 2024 1:54:53 PM placer.Main main
INFO: Begin SimulatedAnnealingPlacer...
Sep 20, 2024 1:54:53 PM placer.Main main
INFO: Data writing complete. Check 'output.txt'
Sep 20, 2024 1:56:13 PM placer.Main main
INFO: Begin SimulatedAnnealingPlacer...
Sep 20, 2024 1:56:14 PM placer.Main main
INFO: Data writing complete. Check 'output.txt'
Sep 20, 2024 2:34:25 PM placer.Main main
INFO: Begin SimulatedAnnealingPlacer...
Sep 20, 2024 2:35:51 PM placer.Main main
INFO: Begin SimulatedAnnealingPlacer...
Sep 20, 2024 2:35:51 PM placer.Main main
INFO: Data writing complete. Check 'output.txt'
Sep 20, 2024 2:36:17 PM placer.Main main
INFO: Begin SimulatedAnnealingPlacer...
Sep 20, 2024 2:36:18 PM placer.Main main
INFO: Data writing complete. Check 'output.txt'
Sep 20, 2024 2:57:41 PM placer.Main main
INFO: Begin SimulatedAnnealingPlacer...
Sep 20, 2024 2:57:41 PM placer.Main main
INFO: Data writing complete. Check 'output.txt'
Sep 21, 2024 1:42:54 PM placer.Main main
INFO: Begin SimulatedAnnealingPlacer...
Sep 21, 2024 1:42:55 PM placer.Main main
INFO: Data writing complete. Check 'output.txt'
Sep 21, 2024 1:56:28 PM placer.Main main
INFO: Begin SimulatedAnnealingPlacer...
Sep 21, 2024 1:56:29 PM placer.Main main
INFO: Data writing complete. Check 'output.txt'
Sep 21, 2024 2:09:05 PM placer.Main main
INFO: Begin SimulatedAnnealingPlacer...
Sep 21, 2024 2:09:06 PM placer.Main main
INFO: Data writing complete. Check 'output.txt'
Sep 21, 2024 2:15:36 PM placer.Main main
INFO: Begin SimulatedAnnealingPlacer...
Sep 21, 2024 2:15:37 PM placer.Main main
INFO: Data writing complete. Check 'output.txt'
Sep 21, 2024 2:21:21 PM placer.Main main
INFO: Begin SimulatedAnnealingPlacer...
Sep 21, 2024 2:21:22 PM placer.Main main
INFO: Data writing complete. Check 'output.txt'
Sep 21, 2024 3:59:42 PM placer.Main main
INFO: Begin SimulatedAnnealingPlacer...
Sep 21, 2024 3:59:43 PM placer.Main main
INFO: Data writing complete. Check 'output.txt'
Sep 21, 2024 5:06:59 PM placer.Main main
INFO: Begin SimulatedAnnealingPlacer...
Sep 21, 2024 5:06:59 PM placer.Main main
INFO: Data writing complete. Check 'output.txt'
Sep 21, 2024 5:21:01 PM placer.Main main
INFO: Begin SimulatedAnnealingPlacer...
Sep 21, 2024 5:21:02 PM placer.Main main
INFO: Data writing complete. Check 'output.txt'
Sep 22, 2024 12:20:45 PM placer.Main main
INFO: Begin SimulatedAnnealingPlacer...
Sep 22, 2024 12:20:46 PM placer.Main main
INFO: Data writing complete. Check 'output.txt'
Sep 22, 2024 12:35:00 PM placer.Main main
INFO: Begin SimulatedAnnealingPlacer...
Sep 22, 2024 12:35:01 PM placer.Main main
INFO: Data writing complete. Check 'output.txt'
Sep 22, 2024 12:40:59 PM placer.Main main
INFO: Begin SimulatedAnnealingPlacer...
Sep 22, 2024 12:41:00 PM placer.Main main
INFO: Data writing complete. Check 'output.txt'
Sep 22, 2024 12:47:34 PM placer.Main main
INFO: Begin SimulatedAnnealingPlacer...
Sep 22, 2024 12:47:35 PM placer.Main main
INFO: Data writing complete. Check 'output.txt'
Sep 22, 2024 12:48:31 PM placer.Main main
INFO: Begin SimulatedAnnealingPlacer...
Sep 22, 2024 12:48:32 PM placer.Main main
INFO: Data writing complete. Check 'output.txt'
Sep 22, 2024 12:50:10 PM placer.Main main
INFO: Begin SimulatedAnnealingPlacer...
Sep 22, 2024 12:50:11 PM placer.Main main
INFO: Data writing complete. Check 'output.txt'
Sep 22, 2024 2:01:14 PM placer.Main main
INFO: Begin SimulatedAnnealingPlacer...
Sep 22, 2024 2:01:15 PM placer.Main main
INFO: Data writing complete. Check 'output.txt'
Sep 22, 2024 2:01:26 PM placer.Main main
INFO: Begin SimulatedAnnealingPlacer...
Sep 22, 2024 2:01:27 PM placer.Main main
INFO: Data writing complete. Check 'output.txt'
Sep 22, 2024 2:02:06 PM placer.Main main
INFO: Begin SimulatedAnnealingPlacer...
Sep 22, 2024 2:02:07 PM placer.Main main
INFO: Data writing complete. Check 'output.txt'
Sep 22, 2024 2:04:24 PM placer.Main main
INFO: Begin SimulatedAnnealingPlacer...
Sep 22, 2024 2:04:25 PM placer.Main main
INFO: Data writing complete. Check 'output.txt'
Sep 22, 2024 2:07:41 PM placer.Main main
INFO: Begin SimulatedAnnealingPlacer...
Sep 22, 2024 2:07:42 PM placer.Main main
INFO: Data writing complete. Check 'output.txt'
Sep 22, 2024 2:08:56 PM placer.Main main
INFO: Begin SimulatedAnnealingPlacer...
Sep 22, 2024 2:08:57 PM placer.Main main
INFO: Data writing complete. Check 'output.txt'
Sep 22, 2024 2:09:19 PM placer.Main main
INFO: Begin SimulatedAnnealingPlacer...
Sep 22, 2024 2:09:20 PM placer.Main main
INFO: Data writing complete. Check 'output.txt'
Sep 22, 2024 2:14:58 PM placer.Main main
INFO: Begin SimulatedAnnealingPlacer...
Sep 22, 2024 2:14:59 PM placer.Main main
INFO: Data writing complete. Check 'output.txt'
Sep 22, 2024 2:20:45 PM placer.Main main
INFO: Begin SimulatedAnnealingPlacer...
Sep 22, 2024 2:20:46 PM placer.Main main
INFO: Data writing complete. Check 'output.txt'
Sep 22, 2024 2:21:22 PM placer.Main main
INFO: Begin SimulatedAnnealingPlacer...
Sep 22, 2024 2:21:23 PM placer.Main main
INFO: Data writing complete. Check 'output.txt'
Sep 22, 2024 2:29:26 PM placer.Main main
INFO: Begin SimulatedAnnealingPlacer...
Sep 22, 2024 2:29:27 PM placer.Main main
INFO: Data writing complete. Check 'output.txt'
Sep 22, 2024 2:38:00 PM placer.Main main
INFO: Begin SimulatedAnnealingPlacer...
Sep 22, 2024 2:38:01 PM placer.Main main
INFO: Data writing complete. Check 'output.txt'
Sep 22, 2024 3:33:40 PM placer.Main main
INFO: Begin SimulatedAnnealingPlacer...
Sep 22, 2024 3:33:42 PM placer.Main main
INFO: Data writing complete. Check 'output.txt'
Sep 22, 2024 3:34:25 PM placer.Main main
INFO: Begin SimulatedAnnealingPlacer...
Sep 22, 2024 3:34:27 PM placer.Main main
INFO: Data writing complete. Check 'output.txt'
Sep 22, 2024 3:51:28 PM placer.Main main
INFO: Begin SimulatedAnnealingPlacer...
Sep 22, 2024 3:51:29 PM placer.Main main
INFO: Data writing complete. Check 'output.txt'
Sep 22, 2024 3:52:30 PM placer.Main main
INFO: Begin SimulatedAnnealingPlacer...
Sep 22, 2024 3:52:31 PM placer.Main main
INFO: Data writing complete. Check 'output.txt'
Sep 22, 2024 3:55:00 PM placer.Main main
INFO: Begin SimulatedAnnealingPlacer...
Sep 22, 2024 3:55:01 PM placer.Main main
INFO: Data writing complete. Check 'output.txt'
Sep 22, 2024 3:58:57 PM placer.Main main
INFO: Begin SimulatedAnnealingPlacer...
Sep 22, 2024 3:58:59 PM placer.Main main
INFO: Data writing complete. Check 'output.txt'
Sep 22, 2024 4:00:34 PM placer.Main main
INFO: Begin SimulatedAnnealingPlacer...
Sep 22, 2024 4:00:35 PM placer.Main main
INFO: Data writing complete. Check 'output.txt'
Sep 22, 2024 4:02:35 PM placer.Main main
INFO: Begin SimulatedAnnealingPlacer...
Sep 22, 2024 4:02:36 PM placer.Main main
INFO: Data writing complete. Check 'output.txt'
Sep 22, 2024 4:04:55 PM placer.Main main
INFO: Begin SimulatedAnnealingPlacer...
Sep 22, 2024 4:04:56 PM placer.Main main
INFO: Data writing complete. Check 'output.txt'
Sep 22, 2024 4:05:57 PM placer.Main main
INFO: Begin SimulatedAnnealingPlacer...
Sep 22, 2024 4:05:58 PM placer.Main main
INFO: Data writing complete. Check 'output.txt'
Sep 22, 2024 4:12:39 PM placer.Main main
INFO: Begin SimulatedAnnealingPlacer...
Sep 22, 2024 4:12:41 PM placer.Main main
INFO: Data writing complete. Check 'output.txt'
Sep 22, 2024 4:17:51 PM placer.Main main
INFO: Begin SimulatedAnnealingPlacer...
Sep 22, 2024 4:17:52 PM placer.Main main
INFO: Data writing complete. Check 'output.txt'
Sep 22, 2024 4:18:40 PM placer.Main main
INFO: Begin SimulatedAnnealingPlacer...
Sep 22, 2024 4:18:41 PM placer.Main main
INFO: Data writing complete. Check 'output.txt'
Sep 22, 2024 4:20:32 PM placer.Main main
INFO: Begin SimulatedAnnealingPlacer...
Sep 22, 2024 4:20:33 PM placer.Main main
INFO: Data writing complete. Check 'output.txt'
Sep 22, 2024 4:23:08 PM placer.Main main
INFO: Begin SimulatedAnnealingPlacer...
Sep 22, 2024 4:23:09 PM placer.Main main
INFO: Data writing complete. Check 'output.txt'
Sep 22, 2024 4:24:56 PM placer.Main main
INFO: Begin SimulatedAnnealingPlacer...
Sep 22, 2024 4:24:57 PM placer.Main main
INFO: Data writing complete. Check 'output.txt'
Sep 22, 2024 4:26:00 PM placer.Main main
INFO: Begin SimulatedAnnealingPlacer...
Sep 22, 2024 4:26:02 PM placer.Main main
INFO: Data writing complete. Check 'output.txt'
Sep 22, 2024 7:21:37 PM placer.Main main
INFO: Begin SimulatedAnnealingPlacer...
Sep 22, 2024 7:21:38 PM placer.Main main
INFO: Data writing complete. Check 'output.txt'
Sep 22, 2024 8:06:49 PM placer.Main main
INFO: Begin SimulatedAnnealingPlacer...
Sep 22, 2024 8:06:51 PM placer.Main main
INFO: Data writing complete. Check 'output.txt'
Sep 22, 2024 8:07:29 PM placer.Main main
INFO: Begin SimulatedAnnealingPlacer...
Sep 22, 2024 8:07:30 PM placer.Main main
INFO: Data writing complete. Check 'output.txt'
Sep 22, 2024 8:08:28 PM placer.Main main
INFO: Begin SimulatedAnnealingPlacer...
Sep 22, 2024 8:08:29 PM placer.Main main
INFO: Data writing complete. Check 'output.txt'
Sep 22, 2024 8:25:14 PM placer.Main main
INFO: Begin SimulatedAnnealingPlacer...
Sep 22, 2024 8:25:15 PM placer.Main main
INFO: Data writing complete. Check 'output.txt'
Sep 23, 2024 11:22:21 AM placer.Main main
INFO: Begin SimulatedAnnealingPlacer...
Sep 23, 2024 11:22:26 AM placer.Main main
INFO: Data writing complete. Check 'output.txt'
Sep 23, 2024 11:27:27 AM placer.Main main
INFO: Begin SimulatedAnnealingPlacer...
Sep 23, 2024 11:27:28 AM placer.Main main
INFO: Data writing complete. Check 'output.txt'
Sep 23, 2024 11:29:34 AM placer.Main main
INFO: Begin SimulatedAnnealingPlacer...
Sep 23, 2024 11:29:35 AM placer.Main main
INFO: Data writing complete. Check 'output.txt'
Sep 23, 2024 11:40:14 AM placer.Main main
INFO: Begin SimulatedAnnealingPlacer...
Sep 23, 2024 11:40:15 AM placer.Main main
INFO: Data writing complete. Check 'output.txt'
Sep 23, 2024 11:41:31 AM placer.Main main
INFO: Begin SimulatedAnnealingPlacer...
Sep 23, 2024 11:41:33 AM placer.Main main
INFO: Data writing complete. Check 'output.txt'
Sep 23, 2024 11:52:32 AM placer.Main main
INFO: Begin SimulatedAnnealingPlacer...
Sep 23, 2024 11:52:33 AM placer.Main main
INFO: Data writing complete. Check 'output.txt'
Sep 23, 2024 11:54:22 AM placer.Main main
INFO: Begin SimulatedAnnealingPlacer...
Sep 23, 2024 11:54:23 AM placer.Main main
INFO: Data writing complete. Check 'output.txt'
Sep 23, 2024 11:55:09 AM placer.Main main
INFO: Begin SimulatedAnnealingPlacer...
Sep 23, 2024 11:55:10 AM placer.Main main
INFO: Data writing complete. Check 'output.txt'
Sep 23, 2024 11:57:35 AM placer.Main main
INFO: Begin SimulatedAnnealingPlacer...
Sep 23, 2024 11:57:36 AM placer.Main main
INFO: Data writing complete. Check 'output.txt'
Sep 23, 2024 12:02:42 PM placer.Main main
INFO: Begin SimulatedAnnealingPlacer...
Sep 23, 2024 12:02:43 PM placer.Main main
INFO: Data writing complete. Check 'output.txt'
Sep 23, 2024 12:06:59 PM placer.Main main
INFO: Begin SimulatedAnnealingPlacer...
Sep 23, 2024 12:07:00 PM placer.Main main
INFO: Data writing complete. Check 'output.txt'
Sep 23, 2024 12:10:23 PM placer.Main main
INFO: Begin SimulatedAnnealingPlacer...
Sep 23, 2024 12:10:24 PM placer.Main main
INFO: Data writing complete. Check 'output.txt'
Sep 23, 2024 12:14:36 PM placer.Main main
INFO: Begin SimulatedAnnealingPlacer...
Sep 23, 2024 12:14:37 PM placer.Main main
INFO: Data writing complete. Check 'output.txt'
Sep 23, 2024 12:18:03 PM placer.Main main
INFO: Begin SimulatedAnnealingPlacer...
Sep 23, 2024 12:18:04 PM placer.Main main
INFO: Data writing complete. Check 'output.txt'
Sep 23, 2024 12:38:39 PM placer.Main main
INFO: Begin SimulatedAnnealingPlacer...
Sep 23, 2024 12:38:40 PM placer.Main main
INFO: Data writing complete. Check 'output.txt'
Sep 23, 2024 12:41:08 PM placer.Main main
INFO: Begin SimulatedAnnealingPlacer...
Sep 23, 2024 12:41:09 PM placer.Main main
INFO: Data writing complete. Check 'output.txt'
Sep 23, 2024 12:43:55 PM placer.Main main
INFO: Begin SimulatedAnnealingPlacer...
Sep 23, 2024 12:43:56 PM placer.Main main
INFO: Data writing complete. Check 'output.txt'
