
****** Vivado v2023.2.2 (64-bit)
  **** SW Build 4126759 on Thu Feb  8 23:52:05 MST 2024
  **** IP Build 4126054 on Fri Feb  9 11:39:09 MST 2024
  **** SharedData Build 4115275 on Tue Jan 30 00:40:57 MST 2024
    ** Copyright 1986-2022 Xilinx, Inc. All Rights Reserved.
    ** Copyright 2022-2024 Advanced Micro Devices, Inc. All Rights Reserved.

source readable.tcl
# open_checkpoint /home/bcheng/workspace/dev/place-and-route/outputs/synthesized.dcp
Command: open_checkpoint /home/bcheng/workspace/dev/place-and-route/outputs/synthesized.dcp

Starting open_checkpoint Task

Time (s): cpu = 00:00:00.04 ; elapsed = 00:00:00.02 . Memory (MB): peak = 1277.113 ; gain = 3.969 ; free physical = 3873 ; free virtual = 22580
INFO: [Device 21-403] Loading part xc7z020clg400-1
Netlist sorting complete. Time (s): cpu = 00:00:00 ; elapsed = 00:00:00 . Memory (MB): peak = 1641.574 ; gain = 0.000 ; free physical = 3522 ; free virtual = 22229
INFO: [Netlist 29-17] Analyzing 1 Unisim elements for replacement
INFO: [Netlist 29-28] Unisim Transformation completed in 0 CPU seconds
INFO: [Project 1-479] Netlist was created with Vivado 2023.2.2
INFO: [Project 1-570] Preparing netlist for logic optimization
Read ShapeDB Complete: Time (s): cpu = 00:00:00 ; elapsed = 00:00:00 . Memory (MB): peak = 1708.387 ; gain = 0.000 ; free physical = 3440 ; free virtual = 22147
INFO: [Timing 38-478] Restoring timing data from binary archive.
INFO: [Timing 38-479] Binary timing data restore complete.
INFO: [Project 1-856] Restoring constraints from binary archive.
INFO: [Project 1-853] Binary constraint restore complete.
INFO: [Designutils 20-5722] Start Reading Physical Databases.
Reading placement.
Read Netlist Cache: Time (s): cpu = 00:00:00 ; elapsed = 00:00:00 . Memory (MB): peak = 2292.934 ; gain = 0.000 ; free physical = 3230 ; free virtual = 21936
Reading placer database...
Read Device Cache: Time (s): cpu = 00:00:00.01 ; elapsed = 00:00:00.01 . Memory (MB): peak = 2292.934 ; gain = 0.000 ; free physical = 3230 ; free virtual = 21936
Read PlaceDB: Time (s): cpu = 00:00:00 ; elapsed = 00:00:00 . Memory (MB): peak = 2292.934 ; gain = 0.000 ; free physical = 3230 ; free virtual = 21936
Read PulsedLatchDB: Time (s): cpu = 00:00:00 ; elapsed = 00:00:00 . Memory (MB): peak = 2292.934 ; gain = 0.000 ; free physical = 3230 ; free virtual = 21936
Reading routing.
Read RouteStorage: Time (s): cpu = 00:00:00 ; elapsed = 00:00:00 . Memory (MB): peak = 2292.934 ; gain = 0.000 ; free physical = 3230 ; free virtual = 21936
Read Physdb Files: Time (s): cpu = 00:00:00.01 ; elapsed = 00:00:00.02 . Memory (MB): peak = 2292.934 ; gain = 0.000 ; free physical = 3230 ; free virtual = 21936
Restored from archive | CPU: 0.050000 secs | Memory: 1.079544 MB |
Finished XDEF File Restore: Time (s): cpu = 00:00:00.04 ; elapsed = 00:00:00.05 . Memory (MB): peak = 2292.934 ; gain = 6.938 ; free physical = 3230 ; free virtual = 21936
Netlist sorting complete. Time (s): cpu = 00:00:00 ; elapsed = 00:00:00 . Memory (MB): peak = 2292.934 ; gain = 0.000 ; free physical = 3230 ; free virtual = 21936
INFO: [Project 1-111] Unisim Transformation Summary:
No Unisim elements were transformed.

INFO: [Project 1-604] Checkpoint was created with Vivado v2023.2.2 (64-bit) build 4126759
open_checkpoint: Time (s): cpu = 00:00:13 ; elapsed = 00:00:13 . Memory (MB): peak = 2292.969 ; gain = 1019.824 ; free physical = 3230 ; free virtual = 21936
# write_edif /home/bcheng/workspace/dev/place-and-route/outputs/synthesized.dcp.edf/synthesized.edf
Netlist sorting complete. Time (s): cpu = 00:00:00 ; elapsed = 00:00:00 . Memory (MB): peak = 2292.969 ; gain = 0.000 ; free physical = 3230 ; free virtual = 21936
INFO: [Common 17-206] Exiting Vivado at Thu Sep 26 16:13:39 2024...
